#
# A fatal error has been detected by the Java Runtime Environment:
#
#  EXCEPTION_ACCESS_VIOLATION (0xc0000005) at pc=0x00007ffc7f70800c, pid=19188, tid=10808
#
# JRE version: OpenJDK Runtime Environment (15.0.2+7) (build 15.0.2+7-27)
# Java VM: OpenJDK 64-Bit Server VM (15.0.2+7-27, mixed mode, tiered, compressed oops, g1 gc, windows-amd64)
# Problematic frame:
# V  [jvm.dll+0x6a800c]
#
# No core dump will be written. Minidumps are not enabled by default on client versions of Windows
#
# If you would like to submit a bug report, please visit:
#   https://bugreport.java.com/bugreport/crash.jsp
#

---------------  S U M M A R Y ------------

Command Line: -XX:+ShowCodeDetailsInExceptionMessages -agentlib:jdwp=transport=dt_socket,suspend=y,address=localhost:55300 -javaagent:C:\Users\USER\eclipse\jee-2020-12\eclipse\configuration\org.eclipse.osgi\405\0\.cp\lib\javaagent-shaded.jar -Dfile.encoding=MS949 G4W.P6Q6

Host: 11th Gen Intel(R) Core(TM) i7-1165G7 @ 2.80GHz, 8 cores, 15G,  Windows 10 , 64 bit Build 22000 (10.0.22000.434)
Time: Sun Mar 27 14:48:06 2022 대한민국 표준시 elapsed time: 113.912595 seconds (0d 0h 1m 53s)

---------------  T H R E A D  ---------------

Current thread (0x00000259f0198340):  JavaThread "JDWP Transport Listener: dt_socket" daemon [_thread_in_vm, id=10808, stack(0x000000c378a00000,0x000000c378b00000)] _threads_hazard_ptr=0x00000259f0304210

Stack: [0x000000c378a00000,0x000000c378b00000],  sp=0x000000c378afe640,  free space=1017k
Native frames: (J=compiled Java code, j=interpreted, Vv=VM code, C=native code)
V  [jvm.dll+0x6a800c]
V  [jvm.dll+0x2fff3f]
V  [jvm.dll+0x302055]
V  [jvm.dll+0x3027f4]
V  [jvm.dll+0x2ffd7f]
V  [jvm.dll+0x2ff02a]
V  [jvm.dll+0x619ec0]
V  [jvm.dll+0x619ba3]
V  [jvm.dll+0x5df278]
V  [jvm.dll+0x77876f]
V  [jvm.dll+0x4f02e1]
V  [jvm.dll+0x7882b5]
V  [jvm.dll+0x4d3f00]
V  [jvm.dll+0x4956db]
C  [jdwp.dll+0x8221]


siginfo: EXCEPTION_ACCESS_VIOLATION (0xc0000005), reading address 0x0000000000000004


Register to memory mapping:

RIP=0x00007ffc7f70800c jvm.dll
RAX=0x0 is NULL
RBX=0x0 is NULL
RCX=0x000000c378afe660 is pointing into the stack for thread: 0x00000259f0198340
RDX=0x0 is NULL
RSP=0x000000c378afe640 is pointing into the stack for thread: 0x00000259f0198340
RBP=0x000000c378afe7a0 is pointing into the stack for thread: 0x00000259f0198340
RSI=0x0 is NULL
RDI=0x000000c378afedb0 is pointing into the stack for thread: 0x00000259f0198340
R8 =0x0 is NULL
R9 =0x00000259f0cf8090 is pointing into metadata
R10=0x000000c378afeb40 is pointing into the stack for thread: 0x00000259f0198340
R11=0x00000259f0220210 points into unknown readable memory: 0x2fffffff47000000 | 00 00 00 47 ff ff ff 2f
R12=0x00007ffc7f060000 jvm.dll
R13=0x00000259f0220168 points into unknown readable memory: 0x00000026145b4600 | 00 46 5b 14 26 00 00 00
R14=0x000000c378afe6d0 is pointing into the stack for thread: 0x00000259f0198340
R15=0x000000000000002d is an unknown value


Registers:
RAX=0x0000000000000000, RBX=0x0000000000000000, RCX=0x000000c378afe660, RDX=0x0000000000000000
RSP=0x000000c378afe640, RBP=0x000000c378afe7a0, RSI=0x0000000000000000, RDI=0x000000c378afedb0
R8 =0x0000000000000000, R9 =0x00000259f0cf8090, R10=0x000000c378afeb40, R11=0x00000259f0220210
R12=0x00007ffc7f060000, R13=0x00000259f0220168, R14=0x000000c378afe6d0, R15=0x000000000000002d
RIP=0x00007ffc7f70800c, EFLAGS=0x0000000000010246

Top of Stack: (sp=0x000000c378afe640)
0x000000c378afe640:   0000000000000000 0000000000000000
0x000000c378afe650:   0000000000000000 0000000000000000
0x000000c378afe660:   0000000000000000 00007ffc7f26e9be
0x000000c378afe670:   0000000000000000 0000000000000000
0x000000c378afe680:   0000000000000000 0000000000000000
0x000000c378afe690:   00000259f0cf836a 00007ffc7f35ff3f
0x000000c378afe6a0:   0000000000000000 0000000000000000
0x000000c378afe6b0:   0000000000000000 0000000000000000
0x000000c378afe6c0:   0000000000000000 0000000000000000
0x000000c378afe6d0:   0000000000000000 0000000000000063
0x000000c378afe6e0:   0000000000000000 000000c378afe728
0x000000c378afe6f0:   0000000000000000 0000000000000000
0x000000c378afe700:   0000000000000000 0000000000000000
0x000000c378afe710:   0000000000000000 0000000000000000
0x000000c378afe720:   0000000000000000 0000000000000000
0x000000c378afe730:   0000000000000000 0000000000000000 

Instructions: (pc=0x00007ffc7f70800c)
0x00007ffc7f707f0c:   47 1c 03 00 00 00 44 89 47 0c 44 89 47 08 44 3b
0x00007ffc7f707f1c:   c3 7c 17 c7 47 1c ff ff ff ff 48 8b 5c 24 30 48
0x00007ffc7f707f2c:   8b 74 24 38 48 83 c4 20 5f c3 0f be 4c 30 07 e8
0x00007ffc7f707f3c:   e0 fb ff ff 48 83 c6 06 89 47 18 83 e8 0c 74 50
0x00007ffc7f707f4c:   83 f8 01 75 34 49 63 c0 48 3b c3 7d 18 0f 1f 80
0x00007ffc7f707f5c:   00 00 00 00 80 3c 30 5b 75 0b 41 ff c0 48 ff c0
0x00007ffc7f707f6c:   48 3b c3 7c ef 49 63 c8 41 8b c0 2b 47 0c 48 03
0x00007ffc7f707f7c:   ce 89 47 14 80 39 4c 74 1d 41 8d 58 01 89 5f 0c
0x00007ffc7f707f8c:   48 8b 5c 24 30 48 8b 74 24 38 48 83 c4 20 5f c3
0x00007ffc7f707f9c:   49 63 c8 48 03 ce 8b c3 ba 3b 00 00 00 41 2b c0
0x00007ffc7f707fac:   4c 63 c0 e8 cc 1d 13 00 48 85 c0 74 06 8b d8 2b
0x00007ffc7f707fbc:   de ff c3 48 8b 74 24 38 89 5f 0c 48 8b 5c 24 30
0x00007ffc7f707fcc:   48 83 c4 20 5f c3 cc cc cc cc cc cc cc cc cc cc
0x00007ffc7f707fdc:   cc cc cc cc 41 56 48 83 ec 50 83 79 08 63 4c 8b
0x00007ffc7f707fec:   f1 0f 85 d3 00 00 00 48 8b 01 48 8d 4c 24 20 48
0x00007ffc7f707ffc:   89 44 24 20 48 89 5c 24 60 33 db 48 89 74 24 68
0x00007ffc7f70800c:   0f b7 40 04 89 44 24 30 48 8b 05 0d 02 42 00 48
0x00007ffc7f70801c:   89 44 24 40 c7 44 24 3c 01 00 00 00 c7 44 24 2c
0x00007ffc7f70802c:   01 00 00 00 c7 44 24 28 01 00 00 00 89 5c 24 34
0x00007ffc7f70803c:   48 89 5c 24 48 e8 7a fe ff ff 48 8d 4c 24 20 e8
0x00007ffc7f70804c:   b0 00 00 00 8b 44 24 38 48 8b 4c 24 40 41 89 46
0x00007ffc7f70805c:   08 e8 ee e9 04 00 48 8b 74 24 48 48 85 f6 74 45
0x00007ffc7f70806c:   39 1e 7e 41 48 89 7c 24 70 8b fb 66 0f 1f 84 00
0x00007ffc7f70807c:   00 00 00 00 48 8b 4e 18 48 8b 0c 39 e8 c3 e9 04
0x00007ffc7f70808c:   00 ff c3 48 8d 7f 08 3b 1e 7c e9 41 8b 46 08 48
0x00007ffc7f70809c:   8b 7c 24 70 48 8b 5c 24 60 48 8b 74 24 68 48 83
0x00007ffc7f7080ac:   c4 50 41 5e c3 41 8b 46 08 48 8b 5c 24 60 48 8b
0x00007ffc7f7080bc:   74 24 68 48 83 c4 50 41 5e c3 8b 41 08 48 83 c4
0x00007ffc7f7080cc:   50 41 5e c3 48 8d 42 ff 48 83 f8 fd 77 14 48 3b
0x00007ffc7f7080dc:   51 10 74 19 48 89 51 10 48 d1 ea 83 e2 0f 89 51
0x00007ffc7f7080ec:   08 c3 48 89 51 10 c7 41 08 63 00 00 00 c3 cc cc
0x00007ffc7f7080fc:   cc cc cc cc 40 53 48 83 ec 20 8b 41 1c 48 8b d9 


Stack slot to memory mapping:
stack at sp + 0 slots: 0x0 is NULL
stack at sp + 1 slots: 0x0 is NULL
stack at sp + 2 slots: 0x0 is NULL
stack at sp + 3 slots: 0x0 is NULL
stack at sp + 4 slots: 0x0 is NULL
stack at sp + 5 slots: 0x00007ffc7f26e9be jvm.dll
stack at sp + 6 slots: 0x0 is NULL
stack at sp + 7 slots: 0x0 is NULL


---------------  P R O C E S S  ---------------

Threads class SMR info:
_java_thread_list=0x00000259f0304210, length=14, elements={
0x00000259d0776440, 0x00000259efd22020, 0x00000259efd24ae0, 0x00000259efd358b0,
0x00000259efd36270, 0x00000259efd37d30, 0x00000259efd60e60, 0x00000259efd6b780,
0x00000259efd7c840, 0x00000259efedbb80, 0x00000259f0198340, 0x00000259effd3210,
0x00000259effd3700, 0x00000259f02cdcf0
}

Java Threads: ( => current thread )
  0x00000259d0776440 JavaThread "main" [_thread_blocked, id=11964, stack(0x000000c377a00000,0x000000c377b00000)]
  0x00000259efd22020 JavaThread "Reference Handler" daemon [_thread_blocked, id=11996, stack(0x000000c378100000,0x000000c378200000)]
  0x00000259efd24ae0 JavaThread "Finalizer" daemon [_thread_blocked, id=12988, stack(0x000000c378200000,0x000000c378300000)]
  0x00000259efd358b0 JavaThread "Signal Dispatcher" daemon [_thread_blocked, id=13204, stack(0x000000c378300000,0x000000c378400000)]
  0x00000259efd36270 JavaThread "Attach Listener" daemon [_thread_blocked, id=18760, stack(0x000000c378400000,0x000000c378500000)]
  0x00000259efd37d30 JavaThread "Service Thread" daemon [_thread_blocked, id=19288, stack(0x000000c378500000,0x000000c378600000)]
  0x00000259efd60e60 JavaThread "C2 CompilerThread0" daemon [_thread_blocked, id=4888, stack(0x000000c378600000,0x000000c378700000)]
  0x00000259efd6b780 JavaThread "C1 CompilerThread0" daemon [_thread_blocked, id=8052, stack(0x000000c378700000,0x000000c378800000)]
  0x00000259efd7c840 JavaThread "Sweeper thread" daemon [_thread_blocked, id=3480, stack(0x000000c378800000,0x000000c378900000)]
  0x00000259efedbb80 JavaThread "Common-Cleaner" daemon [_thread_blocked, id=2492, stack(0x000000c378900000,0x000000c378a00000)]
=>0x00000259f0198340 JavaThread "JDWP Transport Listener: dt_socket" daemon [_thread_in_vm, id=10808, stack(0x000000c378a00000,0x000000c378b00000)]
  0x00000259effd3210 JavaThread "JDWP Event Helper Thread" daemon [_thread_blocked, id=20276, stack(0x000000c378b00000,0x000000c378c00000)]
  0x00000259effd3700 JavaThread "JDWP Command Reader" daemon [_thread_in_native, id=20236, stack(0x000000c378c00000,0x000000c378d00000)]
  0x00000259f02cdcf0 JavaThread "Notification Thread" daemon [_thread_blocked, id=7536, stack(0x000000c378e00000,0x000000c378f00000)]

Other Threads:
  0x00000259efce9d10 VMThread "VM Thread" [stack: 0x000000c378000000,0x000000c378100000] [id=17340]
  0x00000259f02ca840 WatcherThread [stack: 0x000000c378f00000,0x000000c379000000] [id=4756]
  0x00000259d07c4120 GCTaskThread "GC Thread#0" [stack: 0x000000c377b00000,0x000000c377c00000] [id=4196]
  0x00000259d07d5560 ConcurrentGCThread "G1 Main Marker" [stack: 0x000000c377c00000,0x000000c377d00000] [id=8524]
  0x00000259d07d6150 ConcurrentGCThread "G1 Conc#0" [stack: 0x000000c377d00000,0x000000c377e00000] [id=14804]
  0x00000259ef3120c0 ConcurrentGCThread "G1 Refine#0" [stack: 0x000000c377e00000,0x000000c377f00000] [id=19364]
  0x00000259ef312cc0 ConcurrentGCThread "G1 Young RemSet Sampling" [stack: 0x000000c377f00000,0x000000c378000000] [id=1972]

Threads with active compile tasks:

VM state: not at safepoint (normal execution)

VM Mutex/Monitor currently owned by a thread: None

Heap address: 0x0000000704a00000, size: 4022 MB, Compressed Oops mode: Zero based, Oop shift amount: 3
CDS disabled.
Compressed class space mapped at: 0x0000000800000000-0x0000000840000000, size: 1073741824
Narrow klass base: 0x0000000800000000, Narrow klass shift: 0, Narrow klass range: 0x40000000

GC Precious Log:
 CPUs: 8 total, 8 available
 Memory: 16080M
 Large Page Support: Disabled
 NUMA Support: Disabled
 Compressed Oops: Enabled (Zero based)
 Heap Region Size: 2M
 Heap Min Capacity: 8M
 Heap Initial Capacity: 252M
 Heap Max Capacity: 4022M
 Pre-touch: Disabled
 Parallel Workers: 8
 Concurrent Workers: 2
 Concurrent Refinement Workers: 8
 Periodic GC: Disabled

Heap:
 garbage-first heap   total 258048K, used 4096K [0x0000000704a00000, 0x0000000800000000)
  region size 2048K, 3 young (6144K), 0 survivors (0K)
 Metaspace       used 9271K, capacity 9374K, committed 9600K, reserved 1058816K
  class space    used 788K, capacity 821K, committed 896K, reserved 1048576K

Heap Regions: E=young(eden), S=young(survivor), O=old, HS=humongous(starts), HC=humongous(continues), CS=collection set, F=free, OA=open archive, CA=closed archive, TAMS=top-at-mark-start (previous, next)
|   0|0x0000000704a00000, 0x0000000704a00000, 0x0000000704c00000|  0%| F|  |TAMS 0x0000000704a00000, 0x0000000704a00000| Untracked 
|   1|0x0000000704c00000, 0x0000000704c00000, 0x0000000704e00000|  0%| F|  |TAMS 0x0000000704c00000, 0x0000000704c00000| Untracked 
|   2|0x0000000704e00000, 0x0000000704e00000, 0x0000000705000000|  0%| F|  |TAMS 0x0000000704e00000, 0x0000000704e00000| Untracked 
|   3|0x0000000705000000, 0x0000000705000000, 0x0000000705200000|  0%| F|  |TAMS 0x0000000705000000, 0x0000000705000000| Untracked 
|   4|0x0000000705200000, 0x0000000705200000, 0x0000000705400000|  0%| F|  |TAMS 0x0000000705200000, 0x0000000705200000| Untracked 
|   5|0x0000000705400000, 0x0000000705400000, 0x0000000705600000|  0%| F|  |TAMS 0x0000000705400000, 0x0000000705400000| Untracked 
|   6|0x0000000705600000, 0x0000000705600000, 0x0000000705800000|  0%| F|  |TAMS 0x0000000705600000, 0x0000000705600000| Untracked 
|   7|0x0000000705800000, 0x0000000705800000, 0x0000000705a00000|  0%| F|  |TAMS 0x0000000705800000, 0x0000000705800000| Untracked 
|   8|0x0000000705a00000, 0x0000000705a00000, 0x0000000705c00000|  0%| F|  |TAMS 0x0000000705a00000, 0x0000000705a00000| Untracked 
|   9|0x0000000705c00000, 0x0000000705c00000, 0x0000000705e00000|  0%| F|  |TAMS 0x0000000705c00000, 0x0000000705c00000| Untracked 
|  10|0x0000000705e00000, 0x0000000705e00000, 0x0000000706000000|  0%| F|  |TAMS 0x0000000705e00000, 0x0000000705e00000| Untracked 
|  11|0x0000000706000000, 0x0000000706000000, 0x0000000706200000|  0%| F|  |TAMS 0x0000000706000000, 0x0000000706000000| Untracked 
|  12|0x0000000706200000, 0x0000000706200000, 0x0000000706400000|  0%| F|  |TAMS 0x0000000706200000, 0x0000000706200000| Untracked 
|  13|0x0000000706400000, 0x0000000706400000, 0x0000000706600000|  0%| F|  |TAMS 0x0000000706400000, 0x0000000706400000| Untracked 
|  14|0x0000000706600000, 0x0000000706600000, 0x0000000706800000|  0%| F|  |TAMS 0x0000000706600000, 0x0000000706600000| Untracked 
|  15|0x0000000706800000, 0x0000000706800000, 0x0000000706a00000|  0%| F|  |TAMS 0x0000000706800000, 0x0000000706800000| Untracked 
|  16|0x0000000706a00000, 0x0000000706a00000, 0x0000000706c00000|  0%| F|  |TAMS 0x0000000706a00000, 0x0000000706a00000| Untracked 
|  17|0x0000000706c00000, 0x0000000706c00000, 0x0000000706e00000|  0%| F|  |TAMS 0x0000000706c00000, 0x0000000706c00000| Untracked 
|  18|0x0000000706e00000, 0x0000000706e00000, 0x0000000707000000|  0%| F|  |TAMS 0x0000000706e00000, 0x0000000706e00000| Untracked 
|  19|0x0000000707000000, 0x0000000707000000, 0x0000000707200000|  0%| F|  |TAMS 0x0000000707000000, 0x0000000707000000| Untracked 
|  20|0x0000000707200000, 0x0000000707200000, 0x0000000707400000|  0%| F|  |TAMS 0x0000000707200000, 0x0000000707200000| Untracked 
|  21|0x0000000707400000, 0x0000000707400000, 0x0000000707600000|  0%| F|  |TAMS 0x0000000707400000, 0x0000000707400000| Untracked 
|  22|0x0000000707600000, 0x0000000707600000, 0x0000000707800000|  0%| F|  |TAMS 0x0000000707600000, 0x0000000707600000| Untracked 
|  23|0x0000000707800000, 0x0000000707800000, 0x0000000707a00000|  0%| F|  |TAMS 0x0000000707800000, 0x0000000707800000| Untracked 
|  24|0x0000000707a00000, 0x0000000707a00000, 0x0000000707c00000|  0%| F|  |TAMS 0x0000000707a00000, 0x0000000707a00000| Untracked 
|  25|0x0000000707c00000, 0x0000000707c00000, 0x0000000707e00000|  0%| F|  |TAMS 0x0000000707c00000, 0x0000000707c00000| Untracked 
|  26|0x0000000707e00000, 0x0000000707e00000, 0x0000000708000000|  0%| F|  |TAMS 0x0000000707e00000, 0x0000000707e00000| Untracked 
|  27|0x0000000708000000, 0x0000000708000000, 0x0000000708200000|  0%| F|  |TAMS 0x0000000708000000, 0x0000000708000000| Untracked 
|  28|0x0000000708200000, 0x0000000708200000, 0x0000000708400000|  0%| F|  |TAMS 0x0000000708200000, 0x0000000708200000| Untracked 
|  29|0x0000000708400000, 0x0000000708400000, 0x0000000708600000|  0%| F|  |TAMS 0x0000000708400000, 0x0000000708400000| Untracked 
|  30|0x0000000708600000, 0x0000000708600000, 0x0000000708800000|  0%| F|  |TAMS 0x0000000708600000, 0x0000000708600000| Untracked 
|  31|0x0000000708800000, 0x0000000708800000, 0x0000000708a00000|  0%| F|  |TAMS 0x0000000708800000, 0x0000000708800000| Untracked 
|  32|0x0000000708a00000, 0x0000000708a00000, 0x0000000708c00000|  0%| F|  |TAMS 0x0000000708a00000, 0x0000000708a00000| Untracked 
|  33|0x0000000708c00000, 0x0000000708c00000, 0x0000000708e00000|  0%| F|  |TAMS 0x0000000708c00000, 0x0000000708c00000| Untracked 
|  34|0x0000000708e00000, 0x0000000708e00000, 0x0000000709000000|  0%| F|  |TAMS 0x0000000708e00000, 0x0000000708e00000| Untracked 
|  35|0x0000000709000000, 0x0000000709000000, 0x0000000709200000|  0%| F|  |TAMS 0x0000000709000000, 0x0000000709000000| Untracked 
|  36|0x0000000709200000, 0x0000000709200000, 0x0000000709400000|  0%| F|  |TAMS 0x0000000709200000, 0x0000000709200000| Untracked 
|  37|0x0000000709400000, 0x0000000709400000, 0x0000000709600000|  0%| F|  |TAMS 0x0000000709400000, 0x0000000709400000| Untracked 
|  38|0x0000000709600000, 0x0000000709600000, 0x0000000709800000|  0%| F|  |TAMS 0x0000000709600000, 0x0000000709600000| Untracked 
|  39|0x0000000709800000, 0x0000000709800000, 0x0000000709a00000|  0%| F|  |TAMS 0x0000000709800000, 0x0000000709800000| Untracked 
|  40|0x0000000709a00000, 0x0000000709a00000, 0x0000000709c00000|  0%| F|  |TAMS 0x0000000709a00000, 0x0000000709a00000| Untracked 
|  41|0x0000000709c00000, 0x0000000709c00000, 0x0000000709e00000|  0%| F|  |TAMS 0x0000000709c00000, 0x0000000709c00000| Untracked 
|  42|0x0000000709e00000, 0x0000000709e00000, 0x000000070a000000|  0%| F|  |TAMS 0x0000000709e00000, 0x0000000709e00000| Untracked 
|  43|0x000000070a000000, 0x000000070a000000, 0x000000070a200000|  0%| F|  |TAMS 0x000000070a000000, 0x000000070a000000| Untracked 
|  44|0x000000070a200000, 0x000000070a200000, 0x000000070a400000|  0%| F|  |TAMS 0x000000070a200000, 0x000000070a200000| Untracked 
|  45|0x000000070a400000, 0x000000070a400000, 0x000000070a600000|  0%| F|  |TAMS 0x000000070a400000, 0x000000070a400000| Untracked 
|  46|0x000000070a600000, 0x000000070a600000, 0x000000070a800000|  0%| F|  |TAMS 0x000000070a600000, 0x000000070a600000| Untracked 
|  47|0x000000070a800000, 0x000000070a800000, 0x000000070aa00000|  0%| F|  |TAMS 0x000000070a800000, 0x000000070a800000| Untracked 
|  48|0x000000070aa00000, 0x000000070aa00000, 0x000000070ac00000|  0%| F|  |TAMS 0x000000070aa00000, 0x000000070aa00000| Untracked 
|  49|0x000000070ac00000, 0x000000070ac00000, 0x000000070ae00000|  0%| F|  |TAMS 0x000000070ac00000, 0x000000070ac00000| Untracked 
|  50|0x000000070ae00000, 0x000000070ae00000, 0x000000070b000000|  0%| F|  |TAMS 0x000000070ae00000, 0x000000070ae00000| Untracked 
|  51|0x000000070b000000, 0x000000070b000000, 0x000000070b200000|  0%| F|  |TAMS 0x000000070b000000, 0x000000070b000000| Untracked 
|  52|0x000000070b200000, 0x000000070b200000, 0x000000070b400000|  0%| F|  |TAMS 0x000000070b200000, 0x000000070b200000| Untracked 
|  53|0x000000070b400000, 0x000000070b400000, 0x000000070b600000|  0%| F|  |TAMS 0x000000070b400000, 0x000000070b400000| Untracked 
|  54|0x000000070b600000, 0x000000070b600000, 0x000000070b800000|  0%| F|  |TAMS 0x000000070b600000, 0x000000070b600000| Untracked 
|  55|0x000000070b800000, 0x000000070b800000, 0x000000070ba00000|  0%| F|  |TAMS 0x000000070b800000, 0x000000070b800000| Untracked 
|  56|0x000000070ba00000, 0x000000070ba00000, 0x000000070bc00000|  0%| F|  |TAMS 0x000000070ba00000, 0x000000070ba00000| Untracked 
|  57|0x000000070bc00000, 0x000000070bc00000, 0x000000070be00000|  0%| F|  |TAMS 0x000000070bc00000, 0x000000070bc00000| Untracked 
|  58|0x000000070be00000, 0x000000070be00000, 0x000000070c000000|  0%| F|  |TAMS 0x000000070be00000, 0x000000070be00000| Untracked 
|  59|0x000000070c000000, 0x000000070c000000, 0x000000070c200000|  0%| F|  |TAMS 0x000000070c000000, 0x000000070c000000| Untracked 
|  60|0x000000070c200000, 0x000000070c200000, 0x000000070c400000|  0%| F|  |TAMS 0x000000070c200000, 0x000000070c200000| Untracked 
|  61|0x000000070c400000, 0x000000070c400000, 0x000000070c600000|  0%| F|  |TAMS 0x000000070c400000, 0x000000070c400000| Untracked 
|  62|0x000000070c600000, 0x000000070c600000, 0x000000070c800000|  0%| F|  |TAMS 0x000000070c600000, 0x000000070c600000| Untracked 
|  63|0x000000070c800000, 0x000000070c800000, 0x000000070ca00000|  0%| F|  |TAMS 0x000000070c800000, 0x000000070c800000| Untracked 
|  64|0x000000070ca00000, 0x000000070ca00000, 0x000000070cc00000|  0%| F|  |TAMS 0x000000070ca00000, 0x000000070ca00000| Untracked 
|  65|0x000000070cc00000, 0x000000070cc00000, 0x000000070ce00000|  0%| F|  |TAMS 0x000000070cc00000, 0x000000070cc00000| Untracked 
|  66|0x000000070ce00000, 0x000000070ce00000, 0x000000070d000000|  0%| F|  |TAMS 0x000000070ce00000, 0x000000070ce00000| Untracked 
|  67|0x000000070d000000, 0x000000070d000000, 0x000000070d200000|  0%| F|  |TAMS 0x000000070d000000, 0x000000070d000000| Untracked 
|  68|0x000000070d200000, 0x000000070d200000, 0x000000070d400000|  0%| F|  |TAMS 0x000000070d200000, 0x000000070d200000| Untracked 
|  69|0x000000070d400000, 0x000000070d400000, 0x000000070d600000|  0%| F|  |TAMS 0x000000070d400000, 0x000000070d400000| Untracked 
|  70|0x000000070d600000, 0x000000070d600000, 0x000000070d800000|  0%| F|  |TAMS 0x000000070d600000, 0x000000070d600000| Untracked 
|  71|0x000000070d800000, 0x000000070d800000, 0x000000070da00000|  0%| F|  |TAMS 0x000000070d800000, 0x000000070d800000| Untracked 
|  72|0x000000070da00000, 0x000000070da00000, 0x000000070dc00000|  0%| F|  |TAMS 0x000000070da00000, 0x000000070da00000| Untracked 
|  73|0x000000070dc00000, 0x000000070dc00000, 0x000000070de00000|  0%| F|  |TAMS 0x000000070dc00000, 0x000000070dc00000| Untracked 
|  74|0x000000070de00000, 0x000000070de00000, 0x000000070e000000|  0%| F|  |TAMS 0x000000070de00000, 0x000000070de00000| Untracked 
|  75|0x000000070e000000, 0x000000070e000000, 0x000000070e200000|  0%| F|  |TAMS 0x000000070e000000, 0x000000070e000000| Untracked 
|  76|0x000000070e200000, 0x000000070e200000, 0x000000070e400000|  0%| F|  |TAMS 0x000000070e200000, 0x000000070e200000| Untracked 
|  77|0x000000070e400000, 0x000000070e400000, 0x000000070e600000|  0%| F|  |TAMS 0x000000070e400000, 0x000000070e400000| Untracked 
|  78|0x000000070e600000, 0x000000070e600000, 0x000000070e800000|  0%| F|  |TAMS 0x000000070e600000, 0x000000070e600000| Untracked 
|  79|0x000000070e800000, 0x000000070e800000, 0x000000070ea00000|  0%| F|  |TAMS 0x000000070e800000, 0x000000070e800000| Untracked 
|  80|0x000000070ea00000, 0x000000070ea00000, 0x000000070ec00000|  0%| F|  |TAMS 0x000000070ea00000, 0x000000070ea00000| Untracked 
|  81|0x000000070ec00000, 0x000000070ec00000, 0x000000070ee00000|  0%| F|  |TAMS 0x000000070ec00000, 0x000000070ec00000| Untracked 
|  82|0x000000070ee00000, 0x000000070ee00000, 0x000000070f000000|  0%| F|  |TAMS 0x000000070ee00000, 0x000000070ee00000| Untracked 
|  83|0x000000070f000000, 0x000000070f000000, 0x000000070f200000|  0%| F|  |TAMS 0x000000070f000000, 0x000000070f000000| Untracked 
|  84|0x000000070f200000, 0x000000070f200000, 0x000000070f400000|  0%| F|  |TAMS 0x000000070f200000, 0x000000070f200000| Untracked 
|  85|0x000000070f400000, 0x000000070f400000, 0x000000070f600000|  0%| F|  |TAMS 0x000000070f400000, 0x000000070f400000| Untracked 
|  86|0x000000070f600000, 0x000000070f600000, 0x000000070f800000|  0%| F|  |TAMS 0x000000070f600000, 0x000000070f600000| Untracked 
|  87|0x000000070f800000, 0x000000070f800000, 0x000000070fa00000|  0%| F|  |TAMS 0x000000070f800000, 0x000000070f800000| Untracked 
|  88|0x000000070fa00000, 0x000000070fa00000, 0x000000070fc00000|  0%| F|  |TAMS 0x000000070fa00000, 0x000000070fa00000| Untracked 
|  89|0x000000070fc00000, 0x000000070fc00000, 0x000000070fe00000|  0%| F|  |TAMS 0x000000070fc00000, 0x000000070fc00000| Untracked 
|  90|0x000000070fe00000, 0x000000070fe00000, 0x0000000710000000|  0%| F|  |TAMS 0x000000070fe00000, 0x000000070fe00000| Untracked 
|  91|0x0000000710000000, 0x0000000710000000, 0x0000000710200000|  0%| F|  |TAMS 0x0000000710000000, 0x0000000710000000| Untracked 
|  92|0x0000000710200000, 0x0000000710200000, 0x0000000710400000|  0%| F|  |TAMS 0x0000000710200000, 0x0000000710200000| Untracked 
|  93|0x0000000710400000, 0x0000000710400000, 0x0000000710600000|  0%| F|  |TAMS 0x0000000710400000, 0x0000000710400000| Untracked 
|  94|0x0000000710600000, 0x0000000710600000, 0x0000000710800000|  0%| F|  |TAMS 0x0000000710600000, 0x0000000710600000| Untracked 
|  95|0x0000000710800000, 0x0000000710800000, 0x0000000710a00000|  0%| F|  |TAMS 0x0000000710800000, 0x0000000710800000| Untracked 
|  96|0x0000000710a00000, 0x0000000710a00000, 0x0000000710c00000|  0%| F|  |TAMS 0x0000000710a00000, 0x0000000710a00000| Untracked 
|  97|0x0000000710c00000, 0x0000000710c00000, 0x0000000710e00000|  0%| F|  |TAMS 0x0000000710c00000, 0x0000000710c00000| Untracked 
|  98|0x0000000710e00000, 0x0000000710e00000, 0x0000000711000000|  0%| F|  |TAMS 0x0000000710e00000, 0x0000000710e00000| Untracked 
|  99|0x0000000711000000, 0x0000000711000000, 0x0000000711200000|  0%| F|  |TAMS 0x0000000711000000, 0x0000000711000000| Untracked 
| 100|0x0000000711200000, 0x0000000711200000, 0x0000000711400000|  0%| F|  |TAMS 0x0000000711200000, 0x0000000711200000| Untracked 
| 101|0x0000000711400000, 0x0000000711400000, 0x0000000711600000|  0%| F|  |TAMS 0x0000000711400000, 0x0000000711400000| Untracked 
| 102|0x0000000711600000, 0x0000000711600000, 0x0000000711800000|  0%| F|  |TAMS 0x0000000711600000, 0x0000000711600000| Untracked 
| 103|0x0000000711800000, 0x0000000711800000, 0x0000000711a00000|  0%| F|  |TAMS 0x0000000711800000, 0x0000000711800000| Untracked 
| 104|0x0000000711a00000, 0x0000000711a00000, 0x0000000711c00000|  0%| F|  |TAMS 0x0000000711a00000, 0x0000000711a00000| Untracked 
| 105|0x0000000711c00000, 0x0000000711c00000, 0x0000000711e00000|  0%| F|  |TAMS 0x0000000711c00000, 0x0000000711c00000| Untracked 
| 106|0x0000000711e00000, 0x0000000711e00000, 0x0000000712000000|  0%| F|  |TAMS 0x0000000711e00000, 0x0000000711e00000| Untracked 
| 107|0x0000000712000000, 0x0000000712000000, 0x0000000712200000|  0%| F|  |TAMS 0x0000000712000000, 0x0000000712000000| Untracked 
| 108|0x0000000712200000, 0x0000000712200000, 0x0000000712400000|  0%| F|  |TAMS 0x0000000712200000, 0x0000000712200000| Untracked 
| 109|0x0000000712400000, 0x0000000712400000, 0x0000000712600000|  0%| F|  |TAMS 0x0000000712400000, 0x0000000712400000| Untracked 
| 110|0x0000000712600000, 0x0000000712600000, 0x0000000712800000|  0%| F|  |TAMS 0x0000000712600000, 0x0000000712600000| Untracked 
| 111|0x0000000712800000, 0x0000000712800000, 0x0000000712a00000|  0%| F|  |TAMS 0x0000000712800000, 0x0000000712800000| Untracked 
| 112|0x0000000712a00000, 0x0000000712a00000, 0x0000000712c00000|  0%| F|  |TAMS 0x0000000712a00000, 0x0000000712a00000| Untracked 
| 113|0x0000000712c00000, 0x0000000712c00000, 0x0000000712e00000|  0%| F|  |TAMS 0x0000000712c00000, 0x0000000712c00000| Untracked 
| 114|0x0000000712e00000, 0x0000000712e00000, 0x0000000713000000|  0%| F|  |TAMS 0x0000000712e00000, 0x0000000712e00000| Untracked 
| 115|0x0000000713000000, 0x0000000713000000, 0x0000000713200000|  0%| F|  |TAMS 0x0000000713000000, 0x0000000713000000| Untracked 
| 116|0x0000000713200000, 0x0000000713200000, 0x0000000713400000|  0%| F|  |TAMS 0x0000000713200000, 0x0000000713200000| Untracked 
| 117|0x0000000713400000, 0x0000000713400000, 0x0000000713600000|  0%| F|  |TAMS 0x0000000713400000, 0x0000000713400000| Untracked 
| 118|0x0000000713600000, 0x0000000713600000, 0x0000000713800000|  0%| F|  |TAMS 0x0000000713600000, 0x0000000713600000| Untracked 
| 119|0x0000000713800000, 0x0000000713800000, 0x0000000713a00000|  0%| F|  |TAMS 0x0000000713800000, 0x0000000713800000| Untracked 
| 120|0x0000000713a00000, 0x0000000713a00000, 0x0000000713c00000|  0%| F|  |TAMS 0x0000000713a00000, 0x0000000713a00000| Untracked 
| 121|0x0000000713c00000, 0x0000000713c00000, 0x0000000713e00000|  0%| F|  |TAMS 0x0000000713c00000, 0x0000000713c00000| Untracked 
| 122|0x0000000713e00000, 0x0000000713e00000, 0x0000000714000000|  0%| F|  |TAMS 0x0000000713e00000, 0x0000000713e00000| Untracked 
| 123|0x0000000714000000, 0x00000007141c4b78, 0x0000000714200000| 88%| E|  |TAMS 0x0000000714000000, 0x0000000714000000| Complete 
| 124|0x0000000714200000, 0x0000000714400000, 0x0000000714400000|100%| E|CS|TAMS 0x0000000714200000, 0x0000000714200000| Complete 
| 125|0x0000000714400000, 0x0000000714600000, 0x0000000714600000|100%| E|CS|TAMS 0x0000000714400000, 0x0000000714400000| Complete 

Card table byte_map: [0x00000259e3ca0000,0x00000259e4480000] _byte_map_base: 0x00000259e047b000

Marking Bits (Prev, Next): (CMBitMap*) 0x00000259d07c4910, (CMBitMap*) 0x00000259d07c4950
 Prev Bits: [0x00000259e4c60000, 0x00000259e8b38000)
 Next Bits: [0x00000259e8b40000, 0x00000259eca18000)

Polling page: 0x00000259ce790000

Metaspace:

Usage:
  Non-class:      8.35 MB capacity,     8.28 MB (>99%) used,    64.20 KB ( <1%) free+waste,     5.44 KB ( <1%) overhead. 
      Class:    821.00 KB capacity,   788.08 KB ( 96%) used,    31.23 KB (  4%) free+waste,     1.69 KB ( <1%) overhead. 
       Both:      9.15 MB capacity,     9.05 MB ( 99%) used,    95.43 KB (  1%) free+waste,     7.12 KB ( <1%) overhead. 

Virtual space:
  Non-class space:       10.00 MB reserved,       8.50 MB ( 85%) committed 
      Class space:        1.00 GB reserved,     896.00 KB ( <1%) committed 
             Both:        1.01 GB reserved,       9.38 MB ( <1%) committed 

Chunk freelists:
   Non-Class:  23.00 KB
       Class:  11.00 KB
        Both:  34.00 KB

MaxMetaspaceSize: 17179869184.00 GB
CompressedClassSpaceSize: 1.00 GB

CodeHeap 'non-profiled nmethods': size=120000Kb used=130Kb max_used=130Kb free=119869Kb
 bounds [0x00000259dbc60000, 0x00000259dbed0000, 0x00000259e3190000]
CodeHeap 'profiled nmethods': size=120000Kb used=541Kb max_used=541Kb free=119458Kb
 bounds [0x00000259d4730000, 0x00000259d49a0000, 0x00000259dbc60000]
CodeHeap 'non-nmethods': size=5760Kb used=1237Kb max_used=1258Kb free=4522Kb
 bounds [0x00000259d4190000, 0x00000259d4400000, 0x00000259d4730000]
 total_blobs=802 nmethods=412 adapters=303
 compilation: enabled
              stopped_count=0, restarted_count=0
 full_count=0

Compilation events (20 events):
Event: 0.638 Thread 0x00000259efd6b780 nmethod 403 0x00000259d47b3590 code [0x00000259d47b3800, 0x00000259d47b4588]
Event: 0.638 Thread 0x00000259efd6b780  404       3       sun.security.x509.X509CertImpl::getEncodedInternal (20 bytes)
Event: 0.639 Thread 0x00000259efd6b780 nmethod 404 0x00000259d47b4a10 code [0x00000259d47b4c00, 0x00000259d47b5138]
Event: 0.641 Thread 0x00000259efd6b780  405       3       java.lang.StringConcatHelper::stringOf (20 bytes)
Event: 0.641 Thread 0x00000259efd6b780 nmethod 405 0x00000259d47b5290 code [0x00000259d47b5440, 0x00000259d47b5688]
Event: 0.641 Thread 0x00000259efd6b780  406       3       java.lang.StringConcatHelper::mix (27 bytes)
Event: 0.641 Thread 0x00000259f023ece0 nmethod 369% 0x00000259dbc7d690 code [0x00000259dbc7d860, 0x00000259dbc7ef18]
Event: 0.642 Thread 0x00000259efd60e60  408 %     4       sun.security.provider.SHA2::implCompress0 @ 133 (322 bytes)
Event: 0.642 Thread 0x00000259efd6b780 nmethod 406 0x00000259d47b5790 code [0x00000259d47b5980, 0x00000259d47b5da8]
Event: 0.642 Thread 0x00000259efd6b780  407       3       java.lang.reflect.Modifier::isProtected (12 bytes)
Event: 0.642 Thread 0x00000259efd6b780 nmethod 407 0x00000259d47b5f90 code [0x00000259d47b6120, 0x00000259d47b6258]
Event: 0.643 Thread 0x00000259efd6b780  409       3       java.lang.Character::toLowerCase (9 bytes)
Event: 0.643 Thread 0x00000259efd6b780 nmethod 409 0x00000259d47b6310 code [0x00000259d47b64c0, 0x00000259d47b6698]
Event: 0.667 Thread 0x00000259efd60e60 nmethod 408% 0x00000259dbc7f290 code [0x00000259dbc7f440, 0x00000259dbc80578]
Event: 109.063 Thread 0x00000259efd6b780  410       3       org.eclipse.jdt.launching.internal.org.objectweb.asm.ClassReader::readUnsignedShort (26 bytes)
Event: 109.063 Thread 0x00000259efd6b780 nmethod 410 0x00000259d47b6790 code [0x00000259d47b6920, 0x00000259d47b6a98]
Event: 109.063 Thread 0x00000259efd6b780  411       3       java.lang.String::<init> (74 bytes)
Event: 109.063 Thread 0x00000259efd6b780 nmethod 411 0x00000259d47b6b90 code [0x00000259d47b6d60, 0x00000259d47b7158]
Event: 109.063 Thread 0x00000259efd6b780  412       3       java.lang.StringUTF16::compress (20 bytes)
Event: 109.064 Thread 0x00000259efd6b780 nmethod 412 0x00000259d47b7290 code [0x00000259d47b7440, 0x00000259d47b7668]

GC Heap History (0 events):
No events

Deoptimization events (16 events):
Event: 0.463 Thread 0x00000259d0776440 Uncommon trap: trap_request=0xffffffde fr.pc=0x00000259dbc6d4bc relative=0x00000000000009dc
Event: 0.463 Thread 0x00000259d0776440 Uncommon trap: reason=class_check action=maybe_recompile pc=0x00000259dbc6d4bc method=java.util.HashMap.putVal(ILjava/lang/Object;Ljava/lang/Object;ZZ)Ljava/lang/Object; @ 152 c2
Event: 0.463 Thread 0x00000259d0776440 DEOPT PACKING pc=0x00000259dbc6d4bc sp=0x000000c377afe3d0
Event: 0.463 Thread 0x00000259d0776440 DEOPT UNPACKING pc=0x00000259d419852f sp=0x000000c377afe370 mode 2
Event: 0.490 Thread 0x00000259d0776440 Uncommon trap: trap_request=0xffffff45 fr.pc=0x00000259dbc6d5dc relative=0x0000000000000afc
Event: 0.490 Thread 0x00000259d0776440 Uncommon trap: reason=unstable_if action=reinterpret pc=0x00000259dbc6d5dc method=java.util.HashMap.putVal(ILjava/lang/Object;Ljava/lang/Object;ZZ)Ljava/lang/Object; @ 181 c2
Event: 0.490 Thread 0x00000259d0776440 DEOPT PACKING pc=0x00000259dbc6d5dc sp=0x000000c377afe1e0
Event: 0.490 Thread 0x00000259d0776440 DEOPT UNPACKING pc=0x00000259d419852f sp=0x000000c377afe1a0 mode 2
Event: 0.642 Thread 0x00000259d0776440 DEOPT PACKING pc=0x00000259d47a1a38 sp=0x000000c377af7bc0
Event: 0.642 Thread 0x00000259d0776440 DEOPT UNPACKING pc=0x00000259d41df6cf sp=0x000000c377af7088 mode 0
Event: 0.642 Thread 0x00000259d0776440 DEOPT PACKING pc=0x00000259d47a1a38 sp=0x000000c377af7bc0
Event: 0.642 Thread 0x00000259d0776440 DEOPT UNPACKING pc=0x00000259d41df6cf sp=0x000000c377af7088 mode 0
Event: 0.642 Thread 0x00000259d0776440 DEOPT PACKING pc=0x00000259d47a1a38 sp=0x000000c377af7bc0
Event: 0.642 Thread 0x00000259d0776440 DEOPT UNPACKING pc=0x00000259d41df6cf sp=0x000000c377af7088 mode 0
Event: 0.643 Thread 0x00000259d0776440 DEOPT PACKING pc=0x00000259d47a1a38 sp=0x000000c377af7bc0
Event: 0.643 Thread 0x00000259d0776440 DEOPT UNPACKING pc=0x00000259d41df6cf sp=0x000000c377af7088 mode 0

Classes unloaded (0 events):
No events

Classes redefined (2 events):
Event: 5.975 Thread 0x00000259efce9d10 redefined class name=G4W.P6Q6, count=1
Event: 109.066 Thread 0x00000259efce9d10 redefined class name=G4W.P6Q6, count=2

Internal exceptions (3 events):
Event: 0.484 Thread 0x00000259d0776440 Exception <a 'java/lang/NoSuchMethodError'{0x0000000714244d18}: 'void java.lang.invoke.DirectMethodHandle$Holder.invokeStatic(java.lang.Object, java.lang.Object)'> (0x0000000714244d18) 
thrown [./open/src/hotspot/share/interpreter/linkResolver.cpp, line 782]
Event: 0.485 Thread 0x00000259d0776440 Exception <a 'java/lang/NoSuchMethodError'{0x00000007142489c0}: 'void java.lang.invoke.DirectMethodHandle$Holder.invokeStaticInit(java.lang.Object, java.lang.Object)'> (0x00000007142489c0) 
thrown [./open/src/hotspot/share/interpreter/linkResolver.cpp, line 782]
Event: 0.607 Thread 0x00000259d0776440 Exception <a 'java/lang/NoSuchMethodError'{0x0000000714029df0}: 'java.lang.Object java.lang.invoke.DirectMethodHandle$Holder.invokeStatic(java.lang.Object)'> (0x0000000714029df0) 
thrown [./open/src/hotspot/share/interpreter/linkResolver.cpp, line 782]

Events (20 events):
Event: 95.561 Executing VM operation: get/set locals
Event: 95.561 Executing VM operation: get/set locals done
Event: 95.562 Executing VM operation: get/set locals
Event: 95.562 Executing VM operation: get/set locals done
Event: 95.562 Executing VM operation: get/set locals
Event: 95.562 Executing VM operation: get/set locals done
Event: 95.562 Executing VM operation: get/set locals
Event: 95.562 Executing VM operation: get/set locals done
Event: 109.065 Executing VM operation: RedefineClasses
Event: 109.067 Executing VM operation: RedefineClasses done
Event: 109.071 Executing VM operation: ChangeBreakpoints
Event: 109.071 Executing VM operation: ChangeBreakpoints done
Event: 109.071 Executing VM operation: ChangeBreakpoints
Event: 109.071 Executing VM operation: ChangeBreakpoints done
Event: 109.073 Executing VM operation: GetFrameCount
Event: 109.073 Executing VM operation: GetFrameCount done
Event: 109.073 Executing VM operation: GetStackTrace
Event: 109.073 Executing VM operation: GetStackTrace done
Event: 109.085 Executing VM operation: GetFrameCount
Event: 109.085 Executing VM operation: GetFrameCount done


Dynamic libraries:
0x00007ff6529f0000 - 0x00007ff6529fd000 	C:\Users\USER\.p2\pool\plugins\org.eclipse.justj.openjdk.hotspot.jre.full.win32.x86_64_15.0.2.v20210201-0955\jre\bin\javaw.exe
0x00007ffcf74c0000 - 0x00007ffcf76c9000 	C:\WINDOWS\SYSTEM32\ntdll.dll
0x00007ffcf5da0000 - 0x00007ffcf5e5d000 	C:\WINDOWS\System32\KERNEL32.DLL
0x00007ffcf4dd0000 - 0x00007ffcf5144000 	C:\WINDOWS\System32\KERNELBASE.dll
0x00007ffcf5210000 - 0x00007ffcf5321000 	C:\WINDOWS\System32\ucrtbase.dll
0x00007ffce6120000 - 0x00007ffce6138000 	C:\Users\USER\.p2\pool\plugins\org.eclipse.justj.openjdk.hotspot.jre.full.win32.x86_64_15.0.2.v20210201-0955\jre\bin\jli.dll
0x00007ffce4560000 - 0x00007ffce4579000 	C:\Users\USER\.p2\pool\plugins\org.eclipse.justj.openjdk.hotspot.jre.full.win32.x86_64_15.0.2.v20210201-0955\jre\bin\VCRUNTIME140.dll
0x00007ffcf6860000 - 0x00007ffcf6a0c000 	C:\WINDOWS\System32\USER32.dll
0x00007ffcf5330000 - 0x00007ffcf5356000 	C:\WINDOWS\System32\win32u.dll
0x00007ffcdb590000 - 0x00007ffcdb835000 	C:\WINDOWS\WinSxS\amd64_microsoft.windows.common-controls_6595b64144ccf1df_6.0.22000.120_none_9d947278b86cc467\COMCTL32.dll
0x00007ffcf6600000 - 0x00007ffcf6629000 	C:\WINDOWS\System32\GDI32.dll
0x00007ffcf6210000 - 0x00007ffcf62b3000 	C:\WINDOWS\System32\msvcrt.dll
0x00007ffcf4aa0000 - 0x00007ffcf4bb2000 	C:\WINDOWS\System32\gdi32full.dll
0x00007ffcf4d30000 - 0x00007ffcf4dcd000 	C:\WINDOWS\System32\msvcp_win.dll
0x00007ffcf5570000 - 0x00007ffcf55a1000 	C:\WINDOWS\System32\IMM32.DLL
0x00007ffcec9c0000 - 0x00007ffcec9cc000 	C:\Users\USER\.p2\pool\plugins\org.eclipse.justj.openjdk.hotspot.jre.full.win32.x86_64_15.0.2.v20210201-0955\jre\bin\vcruntime140_1.dll
0x00007ffcdf3d0000 - 0x00007ffcdf461000 	C:\Users\USER\.p2\pool\plugins\org.eclipse.justj.openjdk.hotspot.jre.full.win32.x86_64_15.0.2.v20210201-0955\jre\bin\msvcp140.dll
0x00007ffc7f060000 - 0x00007ffc7fbbe000 	C:\Users\USER\.p2\pool\plugins\org.eclipse.justj.openjdk.hotspot.jre.full.win32.x86_64_15.0.2.v20210201-0955\jre\bin\server\jvm.dll
0x00007ffcf6440000 - 0x00007ffcf64ee000 	C:\WINDOWS\System32\ADVAPI32.dll
0x00007ffcf62c0000 - 0x00007ffcf635e000 	C:\WINDOWS\System32\sechost.dll
0x00007ffcf5e60000 - 0x00007ffcf5f80000 	C:\WINDOWS\System32\RPCRT4.dll
0x00007ffcf6730000 - 0x00007ffcf6738000 	C:\WINDOWS\System32\PSAPI.DLL
0x00007ffcdd850000 - 0x00007ffcdd859000 	C:\WINDOWS\SYSTEM32\WSOCK32.dll
0x00007ffce6710000 - 0x00007ffce671a000 	C:\WINDOWS\SYSTEM32\VERSION.dll
0x00007ffce8930000 - 0x00007ffce8963000 	C:\WINDOWS\SYSTEM32\WINMM.dll
0x00007ffcf63c0000 - 0x00007ffcf642f000 	C:\WINDOWS\System32\WS2_32.dll
0x00007ffcf3b20000 - 0x00007ffcf3b38000 	C:\WINDOWS\SYSTEM32\kernel.appcore.dll
0x00007ffce8990000 - 0x00007ffce899a000 	C:\Users\USER\.p2\pool\plugins\org.eclipse.justj.openjdk.hotspot.jre.full.win32.x86_64_15.0.2.v20210201-0955\jre\bin\jimage.dll
0x00007ffcf2310000 - 0x00007ffcf2531000 	C:\WINDOWS\SYSTEM32\DBGHELP.DLL
0x00007ffcdcdc0000 - 0x00007ffcdcdf1000 	C:\WINDOWS\SYSTEM32\dbgcore.DLL
0x00007ffcf49b0000 - 0x00007ffcf4a2f000 	C:\WINDOWS\System32\bcryptPrimitives.dll
0x00007ffce0660000 - 0x00007ffce0699000 	C:\Users\USER\.p2\pool\plugins\org.eclipse.justj.openjdk.hotspot.jre.full.win32.x86_64_15.0.2.v20210201-0955\jre\bin\jdwp.dll
0x00007ffce9860000 - 0x00007ffce986e000 	C:\Users\USER\.p2\pool\plugins\org.eclipse.justj.openjdk.hotspot.jre.full.win32.x86_64_15.0.2.v20210201-0955\jre\bin\instrument.dll
0x00007ffce5a00000 - 0x00007ffce5a25000 	C:\Users\USER\.p2\pool\plugins\org.eclipse.justj.openjdk.hotspot.jre.full.win32.x86_64_15.0.2.v20210201-0955\jre\bin\java.dll
0x00007ffce4580000 - 0x00007ffce4598000 	C:\Users\USER\.p2\pool\plugins\org.eclipse.justj.openjdk.hotspot.jre.full.win32.x86_64_15.0.2.v20210201-0955\jre\bin\zip.dll
0x00007ffcf6a10000 - 0x00007ffcf71be000 	C:\WINDOWS\System32\SHELL32.dll
0x00007ffcf2b20000 - 0x00007ffcf3388000 	C:\WINDOWS\SYSTEM32\windows.storage.dll
0x00007ffcf5a20000 - 0x00007ffcf5d98000 	C:\WINDOWS\System32\combase.dll
0x00007ffcf29b0000 - 0x00007ffcf2b16000 	C:\WINDOWS\SYSTEM32\wintypes.dll
0x00007ffcf6120000 - 0x00007ffcf620a000 	C:\WINDOWS\System32\SHCORE.dll
0x00007ffcf6360000 - 0x00007ffcf63bd000 	C:\WINDOWS\System32\shlwapi.dll
0x00007ffcf48e0000 - 0x00007ffcf4901000 	C:\WINDOWS\SYSTEM32\profapi.dll
0x00007ffce4c90000 - 0x00007ffce4c9b000 	C:\Users\USER\.p2\pool\plugins\org.eclipse.justj.openjdk.hotspot.jre.full.win32.x86_64_15.0.2.v20210201-0955\jre\bin\dt_socket.dll
0x00007ffcf3650000 - 0x00007ffcf367d000 	C:\WINDOWS\SYSTEM32\IPHLPAPI.DLL
0x00007ffcf3f50000 - 0x00007ffcf3fb7000 	C:\WINDOWS\system32\mswsock.dll
0x00007ffcf3680000 - 0x00007ffcf3767000 	C:\WINDOWS\SYSTEM32\DNSAPI.dll
0x00007ffcf6430000 - 0x00007ffcf6439000 	C:\WINDOWS\System32\NSI.dll
0x00007ffce7230000 - 0x00007ffce723a000 	C:\Windows\System32\rasadhlp.dll
0x00007ffce7560000 - 0x00007ffce75e1000 	C:\WINDOWS\System32\fwpuclnt.dll
0x00007ffce4400000 - 0x00007ffce4419000 	C:\Users\USER\.p2\pool\plugins\org.eclipse.justj.openjdk.hotspot.jre.full.win32.x86_64_15.0.2.v20210201-0955\jre\bin\net.dll
0x00007ffcea570000 - 0x00007ffcea67c000 	C:\WINDOWS\SYSTEM32\WINHTTP.dll
0x00007ffce42f0000 - 0x00007ffce4302000 	C:\Users\USER\.p2\pool\plugins\org.eclipse.justj.openjdk.hotspot.jre.full.win32.x86_64_15.0.2.v20210201-0955\jre\bin\nio.dll
0x00007ffce8980000 - 0x00007ffce8990000 	C:\Users\USER\.p2\pool\plugins\org.eclipse.justj.openjdk.hotspot.jre.full.win32.x86_64_15.0.2.v20210201-0955\jre\bin\verify.dll

dbghelp: loaded successfully - version: 4.0.5 - missing functions: none
symbol engine: initialized successfully - sym options: 0x614 - pdb path: .;C:\Users\USER\.p2\pool\plugins\org.eclipse.justj.openjdk.hotspot.jre.full.win32.x86_64_15.0.2.v20210201-0955\jre\bin;C:\WINDOWS\SYSTEM32;C:\WINDOWS\WinSxS\amd64_microsoft.windows.common-controls_6595b64144ccf1df_6.0.22000.120_none_9d947278b86cc467;C:\Users\USER\.p2\pool\plugins\org.eclipse.justj.openjdk.hotspot.jre.full.win32.x86_64_15.0.2.v20210201-0955\jre\bin\server

VM Arguments:
jvm_args: -XX:+ShowCodeDetailsInExceptionMessages -agentlib:jdwp=transport=dt_socket,suspend=y,address=localhost:55300 -javaagent:C:\Users\USER\eclipse\jee-2020-12\eclipse\configuration\org.eclipse.osgi\405\0\.cp\lib\javaagent-shaded.jar -Dfile.encoding=MS949 
java_command: G4W.P6Q6
java_class_path (initial): C:\Users\USER\Desktop\b\Program\Eclipse\G\bin
Launcher Type: SUN_STANDARD

[Global flags]
     intx CICompilerCount                          = 4                                         {product} {ergonomic}
     uint ConcGCThreads                            = 2                                         {product} {ergonomic}
     uint G1ConcRefinementThreads                  = 8                                         {product} {ergonomic}
   size_t G1HeapRegionSize                         = 2097152                                   {product} {ergonomic}
    uintx GCDrainStackTargetSize                   = 64                                        {product} {ergonomic}
   size_t InitialHeapSize                          = 264241152                                 {product} {ergonomic}
   size_t MarkStackSize                            = 4194304                                   {product} {ergonomic}
   size_t MaxHeapSize                              = 4217372672                                {product} {ergonomic}
   size_t MaxNewSize                               = 2529165312                                {product} {ergonomic}
   size_t MinHeapDeltaBytes                        = 2097152                                   {product} {ergonomic}
   size_t MinHeapSize                              = 8388608                                   {product} {ergonomic}
    uintx NonNMethodCodeHeapSize                   = 5839372                                {pd product} {ergonomic}
    uintx NonProfiledCodeHeapSize                  = 122909434                              {pd product} {ergonomic}
    uintx ProfiledCodeHeapSize                     = 122909434                              {pd product} {ergonomic}
    uintx ReservedCodeCacheSize                    = 251658240                              {pd product} {ergonomic}
     bool SegmentedCodeCache                       = true                                      {product} {ergonomic}
     bool ShowCodeDetailsInExceptionMessages       = true                                   {manageable} {command line}
   size_t SoftMaxHeapSize                          = 4217372672                             {manageable} {ergonomic}
     bool UseCompressedClassPointers               = true                                 {lp64_product} {ergonomic}
     bool UseCompressedOops                        = true                                 {lp64_product} {ergonomic}
     bool UseG1GC                                  = true                                      {product} {ergonomic}
     bool UseLargePagesIndividualAllocation        = false                                  {pd product} {ergonomic}

Logging:
Log output configuration:
 #0: stdout all=warning uptime,level,tags
 #1: stderr all=off uptime,level,tags

Environment Variables:
JAVA_HOME=C:\eGovFrame-3.10.0\bin\jdk8u242-b08
CLASSPATH=.
PATH=C:\Users\USER\.p2\pool\plugins\org.eclipse.justj.openjdk.hotspot.jre.full.win32.x86_64_15.0.2.v20210201-0955\jre\bin;C:/Users/USER/.p2/pool/plugins/org.eclipse.justj.openjdk.hotspot.jre.full.win32.x86_64_15.0.2.v20210201-0955/jre/bin/server;C:/Users/USER/.p2/pool/plugins/org.eclipse.justj.openjdk.hotspot.jre.full.win32.x86_64_15.0.2.v20210201-0955/jre/bin;C:\Program Files (x86)\VMware\VMware Player\bin\;C:\oraclexe\app\oracle\product\11.2.0\server\bin;;C:\eGovFrame-3.10.0\bin\jdk8u242-b08\bin;C:\Program Files (x86)\Common Files\Oracle\Java\javapath;C:\WINDOWS\system32;C:\WINDOWS;C:\WINDOWS\System32\Wbem;C:\WINDOWS\System32\WindowsPowerShell\v1.0\;C:\WINDOWS\System32\OpenSSH\;C:\Users\USER\AppData\Local\Microsoft\WindowsApps;C:\Users\USER\AppData\Local\Programs\Microsoft VS Code\bin;;C:\Users\USER\Desktop\b\Program;
USERNAME=USER
OS=Windows_NT
PROCESSOR_IDENTIFIER=Intel64 Family 6 Model 140 Stepping 1, GenuineIntel



---------------  S Y S T E M  ---------------

OS:
 Windows 10 , 64 bit Build 22000 (10.0.22000.434)
OS uptime: 2 days 21:20 hours

CPU: total 8 (initial active 8) (4 cores per cpu, 2 threads per core) family 6 model 140 stepping 1 microcode 0x8a, cmov, cx8, fxsr, mmx, sse, sse2, sse3, ssse3, sse4.1, sse4.2, popcnt, vzeroupper, avx, avx2, aes, clmul, erms, 3dnowpref, lzcnt, ht, tsc, tscinvbit, bmi1, bmi2, adx, avx512f, avx512dq, avx512cd, avx512bw, avx512vl, avx512_vpopcntdq, avx512_vpclmulqdq, avx512_vbmi, avx512_vbmi2, avx512_vaes, avx512_vnni, sha, fma, clflush, clflushopt, clwb

Memory: 4k page, system-wide physical 16080M (7780M free)
TotalPageFile size 18512M (AvailPageFile size 8413M)
current process WorkingSet (physical memory assigned to process): 47M, peak: 50M
current process commit charge ("private bytes"): 341M, peak: 343M

vm_info: OpenJDK 64-Bit Server VM (15.0.2+7-27) for windows-amd64 JRE (15.0.2+7-27), built on Dec  7 2020 20:02:38 by "mach5one" with unknown MS VC++:1925

END.
